<?xml version="1.0" encoding="UTF-8"?>
<testsuite name="Tests" tests="5" skipped="0" failures="0" errors="0" timestamp="2020-09-29T13:44:33" hostname="DESKTOP-J4394U0" time="0.014">
  <properties/>
  <testcase name="create" classname="Tests" time="0.007"/>
  <testcase name="fizzBuzz2" classname="Tests" time="0.0"/>
  <testcase name="fizzBuzz3" classname="Tests" time="0.0"/>
  <testcase name="fizzBuzz5" classname="Tests" time="0.0"/>
  <testcase name="fizzBuzz15" classname="Tests" time="0.001"/>
  <system-out><![CDATA[]]></system-out>
  <system-err><![CDATA[]]></system-err>
</testsuite>
